<?xml version="1.0" encoding="UTF-8"?>
<coverage generated="1565730192714" clover="3.2.0">
  <project timestamp="1565730192715" name="All files">
    <metrics statements="30" coveredstatements="23" conditionals="8" coveredconditionals="2" methods="11" coveredmethods="8" elements="49" coveredelements="33" complexity="0" loc="30" ncloc="30" packages="1" files="1" classes="1"/>
    <file name="validator.js" path="/Users/evan/codefellows/401/labs/Lab-1-Node-Ecosystem/lib/validator.js">
      <metrics statements="30" coveredstatements="23" conditionals="8" coveredconditionals="2" methods="11" coveredmethods="8"/>
      <line num="4" count="1" type="stmt"/>
      <line num="20" count="1" type="stmt"/>
      <line num="23" count="0" type="cond" truecount="0" falsecount="2"/>
      <line num="26" count="0" type="stmt"/>
      <line num="29" count="0" type="cond" truecount="0" falsecount="2"/>
      <line num="30" count="0" type="stmt"/>
      <line num="33" count="0" type="cond" truecount="0" falsecount="2"/>
      <line num="35" count="0" type="stmt"/>
      <line num="46" count="1" type="stmt"/>
      <line num="47" count="6" type="stmt"/>
      <line num="50" count="1" type="stmt"/>
      <line num="51" count="2" type="stmt"/>
      <line num="54" count="1" type="stmt"/>
      <line num="55" count="2" type="stmt"/>
      <line num="58" count="1" type="stmt"/>
      <line num="59" count="2" type="stmt"/>
      <line num="62" count="1" type="stmt"/>
      <line num="63" count="2" type="stmt"/>
      <line num="66" count="1" type="stmt"/>
      <line num="67" count="2" type="stmt"/>
      <line num="70" count="1" type="stmt"/>
      <line num="71" count="0" type="stmt"/>
      <line num="74" count="1" type="stmt"/>
      <line num="77" count="3" type="stmt"/>
      <line num="78" count="3" type="stmt"/>
      <line num="79" count="9" type="cond" truecount="2" falsecount="0"/>
      <line num="80" count="6" type="stmt"/>
      <line num="82" count="9" type="stmt"/>
      <line num="84" count="3" type="stmt"/>
      <line num="87" count="1" type="stmt"/>
    </file>
  </project>
</coverage>
