{"/Users/evan/codefellows/401/labs/Lab-1-Node-Ecosystem/lib/validator.js": {"path":"/Users/evan/codefellows/401/labs/Lab-1-Node-Ecosystem/lib/validator.js","statementMap":{"0":{"start":{"line":4,"column":16},"end":{"line":4,"column":35}},"1":{"start":{"line":20,"column":0},"end":{"line":39,"column":2}},"2":{"start":{"line":23,"column":2},"end":{"line":27,"column":3}},"3":{"start":{"line":26,"column":4},"end":{"line":26,"column":37}},"4":{"start":{"line":29,"column":2},"end":{"line":31,"column":3}},"5":{"start":{"line":30,"column":4},"end":{"line":30,"column":21}},"6":{"start":{"line":33,"column":2},"end":{"line":37,"column":3}},"7":{"start":{"line":35,"column":4},"end":{"line":35,"column":37}},"8":{"start":{"line":46,"column":0},"end":{"line":48,"column":2}},"9":{"start":{"line":47,"column":2},"end":{"line":47,"column":35}},"10":{"start":{"line":50,"column":0},"end":{"line":52,"column":2}},"11":{"start":{"line":51,"column":2},"end":{"line":51,"column":35}},"12":{"start":{"line":54,"column":0},"end":{"line":56,"column":2}},"13":{"start":{"line":55,"column":2},"end":{"line":55,"column":30}},"14":{"start":{"line":58,"column":0},"end":{"line":60,"column":2}},"15":{"start":{"line":59,"column":2},"end":{"line":59,"column":35}},"16":{"start":{"line":62,"column":0},"end":{"line":64,"column":2}},"17":{"start":{"line":63,"column":2},"end":{"line":63,"column":36}},"18":{"start":{"line":66,"column":0},"end":{"line":68,"column":2}},"19":{"start":{"line":67,"column":2},"end":{"line":67,"column":37}},"20":{"start":{"line":70,"column":0},"end":{"line":72,"column":2}},"21":{"start":{"line":71,"column":2},"end":{"line":71,"column":35}},"22":{"start":{"line":74,"column":0},"end":{"line":85,"column":2}},"23":{"start":{"line":77,"column":15},"end":{"line":77,"column":17}},"24":{"start":{"line":78,"column":2},"end":{"line":83,"column":5}},"25":{"start":{"line":79,"column":4},"end":{"line":81,"column":5}},"26":{"start":{"line":80,"column":6},"end":{"line":80,"column":21}},"27":{"start":{"line":82,"column":4},"end":{"line":82,"column":18}},"28":{"start":{"line":84,"column":2},"end":{"line":84,"column":15}},"29":{"start":{"line":87,"column":0},"end":{"line":89,"column":1}}},"fnMap":{"0":{"name":"(anonymous_0)","decl":{"start":{"line":20,"column":20},"end":{"line":20,"column":21}},"loc":{"start":{"line":20,"column":38},"end":{"line":39,"column":1}},"line":20},"1":{"name":"(anonymous_1)","decl":{"start":{"line":46,"column":21},"end":{"line":46,"column":22}},"loc":{"start":{"line":46,"column":32},"end":{"line":48,"column":1}},"line":46},"2":{"name":"(anonymous_2)","decl":{"start":{"line":50,"column":21},"end":{"line":50,"column":22}},"loc":{"start":{"line":50,"column":32},"end":{"line":52,"column":1}},"line":50},"3":{"name":"(anonymous_3)","decl":{"start":{"line":54,"column":20},"end":{"line":54,"column":21}},"loc":{"start":{"line":54,"column":31},"end":{"line":56,"column":1}},"line":54},"4":{"name":"(anonymous_4)","decl":{"start":{"line":58,"column":21},"end":{"line":58,"column":22}},"loc":{"start":{"line":58,"column":32},"end":{"line":60,"column":1}},"line":58},"5":{"name":"(anonymous_5)","decl":{"start":{"line":62,"column":22},"end":{"line":62,"column":23}},"loc":{"start":{"line":62,"column":33},"end":{"line":64,"column":1}},"line":62},"6":{"name":"(anonymous_6)","decl":{"start":{"line":66,"column":23},"end":{"line":66,"column":24}},"loc":{"start":{"line":66,"column":34},"end":{"line":68,"column":1}},"line":66},"7":{"name":"(anonymous_7)","decl":{"start":{"line":70,"column":25},"end":{"line":70,"column":26}},"loc":{"start":{"line":70,"column":36},"end":{"line":72,"column":1}},"line":70},"8":{"name":"(anonymous_8)","decl":{"start":{"line":74,"column":26},"end":{"line":74,"column":27}},"loc":{"start":{"line":74,"column":44},"end":{"line":85,"column":1}},"line":74},"9":{"name":"(anonymous_9)","decl":{"start":{"line":78,"column":37},"end":{"line":78,"column":38}},"loc":{"start":{"line":78,"column":57},"end":{"line":83,"column":3}},"line":78},"10":{"name":"(anonymous_10)","decl":{"start":{"line":87,"column":20},"end":{"line":87,"column":21}},"loc":{"start":{"line":87,"column":31},"end":{"line":89,"column":1}},"line":87}},"branchMap":{"0":{"loc":{"start":{"line":23,"column":2},"end":{"line":27,"column":3}},"type":"if","locations":[{"start":{"line":23,"column":2},"end":{"line":27,"column":3}},{"start":{"line":23,"column":2},"end":{"line":27,"column":3}}],"line":23},"1":{"loc":{"start":{"line":29,"column":2},"end":{"line":31,"column":3}},"type":"if","locations":[{"start":{"line":29,"column":2},"end":{"line":31,"column":3}},{"start":{"line":29,"column":2},"end":{"line":31,"column":3}}],"line":29},"2":{"loc":{"start":{"line":33,"column":2},"end":{"line":37,"column":3}},"type":"if","locations":[{"start":{"line":33,"column":2},"end":{"line":37,"column":3}},{"start":{"line":33,"column":2},"end":{"line":37,"column":3}}],"line":33},"3":{"loc":{"start":{"line":79,"column":4},"end":{"line":81,"column":5}},"type":"if","locations":[{"start":{"line":79,"column":4},"end":{"line":81,"column":5}},{"start":{"line":79,"column":4},"end":{"line":81,"column":5}}],"line":79}},"s":{"0":1,"1":1,"2":0,"3":0,"4":0,"5":0,"6":0,"7":0,"8":1,"9":6,"10":1,"11":2,"12":1,"13":2,"14":1,"15":2,"16":1,"17":2,"18":1,"19":2,"20":1,"21":0,"22":1,"23":3,"24":3,"25":9,"26":6,"27":9,"28":3,"29":1},"f":{"0":0,"1":6,"2":2,"3":2,"4":2,"5":2,"6":2,"7":0,"8":3,"9":9,"10":0},"b":{"0":[0,0],"1":[0,0],"2":[0,0],"3":[6,3]},"_coverageSchema":"43e27e138ebf9cfc5966b082cf9a028302ed4184","hash":"5ce8379f6db15b58ecb0c8abe31deaeac36ea1f7"}
}
